Build started 04/05/2017 16:07:53.
     1>Project "D:\ALL CODES\ProjectFINAL\ProjectFINAL\ProjectFINAL.vcxproj" on node 2 (Build target(s)).
     1>ClCompile:
         C:\Program Files (x86)\Microsoft Visual Studio 12.0\VC\bin\CL.exe /c /ZI /nologo /W3 /WX- /sdl /Od /Oy- /D _CRT_SECURE_NO_WARNINGS /D _MBCS /Gm /EHsc /RTC1 /MDd /GS /fp:precise /Zc:wchar_t /Zc:forScope /Fo"Debug\\" /Fd"Debug\vc120.pdb" /Gd /TP /analyze- /errorReport:prompt Source.cpp
         Source.cpp
     1>d:\all codes\projectfinal\projectfinal\source.cpp(125): warning C4244: '+=' : conversion from 'double' to '__int64', possible loss of data
     1>d:\all codes\projectfinal\projectfinal\source.cpp(149): warning C4244: '+=' : conversion from 'double' to '__int64', possible loss of data
     1>d:\all codes\projectfinal\projectfinal\source.cpp(157): warning C4244: '=' : conversion from 'double' to 'int', possible loss of data
     1>d:\all codes\projectfinal\projectfinal\source.cpp(740): warning C4244: '=' : conversion from 'double' to 'int', possible loss of data
     1>d:\all codes\projectfinal\projectfinal\source.cpp(838): warning C4018: '<' : signed/unsigned mismatch
     1>d:\all codes\projectfinal\projectfinal\source.cpp(870): warning C4018: '<' : signed/unsigned mismatch
     1>d:\all codes\projectfinal\projectfinal\source.cpp(995): warning C4018: '<' : signed/unsigned mismatch
     1>d:\all codes\projectfinal\projectfinal\source.cpp(1003): warning C4258: 'i' : definition from the for loop is ignored; the definition from the enclosing scope is used
                 d:\all codes\projectfinal\projectfinal\source.cpp(995) : definition of 'i' ignored
                 d:\all codes\projectfinal\projectfinal\source.cpp(982) : definition of 'i' used
     1>d:\all codes\projectfinal\projectfinal\source.cpp(1095): warning C4018: '<' : signed/unsigned mismatch
     1>d:\all codes\projectfinal\projectfinal\source.cpp(1104): warning C4258: 'i' : definition from the for loop is ignored; the definition from the enclosing scope is used
                 d:\all codes\projectfinal\projectfinal\source.cpp(1095) : definition of 'i' ignored
                 d:\all codes\projectfinal\projectfinal\source.cpp(1082) : definition of 'i' used
     1>d:\all codes\projectfinal\projectfinal\source.cpp(1111): warning C4258: 'i' : definition from the for loop is ignored; the definition from the enclosing scope is used
                 d:\all codes\projectfinal\projectfinal\source.cpp(1095) : definition of 'i' ignored
                 d:\all codes\projectfinal\projectfinal\source.cpp(1082) : definition of 'i' used
     1>d:\all codes\projectfinal\projectfinal\source.cpp(1148): warning C4244: 'initializing' : conversion from 'double' to 'int', possible loss of data
     1>d:\all codes\projectfinal\projectfinal\source.cpp(1379): warning C4244: 'argument' : conversion from 'time_t' to 'unsigned int', possible loss of data
     1>d:\all codes\projectfinal\projectfinal\source.cpp(1410): warning C4018: '<' : signed/unsigned mismatch
     1>d:\all codes\projectfinal\projectfinal\source.cpp(1552): warning C4554: '&' : check operator precedence for possible error; use parentheses to clarify precedence
     1>d:\all codes\projectfinal\projectfinal\source.cpp(1597): warning C4018: '<' : signed/unsigned mismatch
     1>d:\all codes\projectfinal\projectfinal\source.cpp(2016): warning C4244: '=' : conversion from 'double' to 'int', possible loss of data
     1>d:\all codes\projectfinal\projectfinal\source.cpp(2070): warning C4244: '=' : conversion from 'double' to 'int', possible loss of data
     1>d:\all codes\projectfinal\projectfinal\source.cpp(2193): warning C4018: '<' : signed/unsigned mismatch
     1>d:\all codes\projectfinal\projectfinal\source.cpp(2280): warning C4244: 'argument' : conversion from 'time_t' to 'unsigned int', possible loss of data
     1>d:\all codes\projectfinal\projectfinal\source.cpp(2572): warning C4244: '+=' : conversion from 'double' to 'int', possible loss of data
     1>d:\all codes\projectfinal\projectfinal\source.cpp(2624): warning C4244: '=' : conversion from 'double' to 'int', possible loss of data
     1>d:\all codes\projectfinal\projectfinal\source.cpp(719): warning C4715: 'CHAIRMAN::idsamcechecker' : not all control paths return a value
       Link:
         C:\Program Files (x86)\Microsoft Visual Studio 12.0\VC\bin\link.exe /ERRORREPORT:PROMPT /OUT:"D:\ALL CODES\ProjectFINAL\Debug\ProjectFINAL.exe" /INCREMENTAL /NOLOGO kernel32.lib user32.lib gdi32.lib winspool.lib comdlg32.lib advapi32.lib shell32.lib ole32.lib oleaut32.lib uuid.lib odbc32.lib odbccp32.lib /MANIFEST /MANIFESTUAC:"level='asInvoker' uiAccess='false'" /manifest:embed /DEBUG /PDB:"D:\ALL CODES\ProjectFINAL\Debug\ProjectFINAL.pdb" /TLBID:1 /DYNAMICBASE /NXCOMPAT /IMPLIB:"D:\ALL CODES\ProjectFINAL\Debug\ProjectFINAL.lib" /MACHINE:X86 Debug\Source.obj
         ProjectFINAL.vcxproj -> D:\ALL CODES\ProjectFINAL\Debug\ProjectFINAL.exe
     1>Done Building Project "D:\ALL CODES\ProjectFINAL\ProjectFINAL\ProjectFINAL.vcxproj" (Build target(s)).

Build succeeded.

Time Elapsed 00:00:01.54
